# JRE version: OpenJDK Runtime Environment (21.0.6) (build 21.0.6+-13368085-b895.109)
# Java VM: OpenJDK 64-Bit Server VM (21.0.6+-13368085-b895.109, mixed mode, tiered, compressed oops, compressed class ptrs, g1 gc, windows-amd64)
GC Precious Log:
 CardTable entry size: 512
 Card Set container configuration: InlinePtr #cards 5 size 8 Array Of Cards #cards 12 size 40 Howl #buckets 4 coarsen threshold 1843 Howl Bitmap #cards 512 size 80 coarsen threshold 460 Card regions per heap region 1 cards per card region 2048
 CPUs: 24 total, 24 available
 Memory: 32677M
 Large Page Support: Disabled
 NUMA Support: Disabled
 Compressed Oops: Enabled (32-bit)
 Heap Region Size: 1M
 Heap Min Capacity: 8M
 Heap Initial Capacity: 512M
 Heap Max Capacity: 2G
 Pre-touch: Disabled
 Parallel Workers: 18
 Concurrent Workers: 5
 Concurrent Refinement Workers: 18
 Periodic GC: Disabled
Heap:
 garbage-first heap   total 335872K, used 294929K [0x0000000080000000, 0x0000000100000000)
  region size 1024K, 98 young (100352K), 12 survivors (12288K)
 Metaspace       used 162701K, committed 165312K, reserved 1245184K
  class space    used 21795K, committed 23104K, reserved 1048576K
GC Heap History (20 events):
Event: 148.026 GC heap after
{Heap after GC invocations=39 (full 0):
 garbage-first heap   total 229376K, used 137194K [0x0000000080000000, 0x0000000100000000)
  region size 1024K, 9 young (9216K), 9 survivors (9216K)
 Metaspace       used 119727K, committed 121920K, reserved 1179648K
  class space    used 15856K, committed 16960K, reserved 1048576K
}
Event: 148.247 GC heap before
{Heap before GC invocations=39 (full 0):
 garbage-first heap   total 229376K, used 180202K [0x0000000080000000, 0x0000000100000000)
  region size 1024K, 53 young (54272K), 9 survivors (9216K)
 Metaspace       used 121889K, committed 124096K, reserved 1179648K
  class space    used 16148K, committed 17280K, reserved 1048576K
}
Event: 148.252 GC heap after
{Heap after GC invocations=40 (full 0):
 garbage-first heap   total 229376K, used 145995K [0x0000000080000000, 0x0000000100000000)
  region size 1024K, 8 young (8192K), 8 survivors (8192K)
 Metaspace       used 121889K, committed 124096K, reserved 1179648K
  class space    used 16148K, committed 17280K, reserved 1048576K
}
Event: 148.720 GC heap before
{Heap before GC invocations=41 (full 0):
 garbage-first heap   total 244736K, used 208459K [0x0000000080000000, 0x0000000100000000)
  region size 1024K, 66 young (67584K), 8 survivors (8192K)
 Metaspace       used 127932K, committed 130176K, reserved 1179648K
  class space    used 16909K, committed 18048K, reserved 1048576K
}
Event: 148.725 GC heap after
{Heap after GC invocations=42 (full 0):
 garbage-first heap   total 244736K, used 158915K [0x0000000080000000, 0x0000000100000000)
  region size 1024K, 9 young (9216K), 9 survivors (9216K)
 Metaspace       used 127932K, committed 130176K, reserved 1179648K
  class space    used 16909K, committed 18048K, reserved 1048576K
}
Event: 149.106 GC heap before
{Heap before GC invocations=42 (full 0):
 garbage-first heap   total 244736K, used 217283K [0x0000000080000000, 0x0000000100000000)
  region size 1024K, 67 young (68608K), 9 survivors (9216K)
 Metaspace       used 132850K, committed 135168K, reserved 1179648K
  class space    used 17612K, committed 18752K, reserved 1048576K
}
Event: 149.111 GC heap after
{Heap after GC invocations=43 (full 0):
 garbage-first heap   total 244736K, used 142539K [0x0000000080000000, 0x0000000100000000)
  region size 1024K, 4 young (4096K), 4 survivors (4096K)
 Metaspace       used 132850K, committed 135168K, reserved 1179648K
  class space    used 17612K, committed 18752K, reserved 1048576K
}
Event: 149.516 GC heap before
{Heap before GC invocations=43 (full 0):
 garbage-first heap   total 244736K, used 217291K [0x0000000080000000, 0x0000000100000000)
  region size 1024K, 78 young (79872K), 4 survivors (4096K)
 Metaspace       used 143690K, committed 145984K, reserved 1179648K
  class space    used 19314K, committed 20480K, reserved 1048576K
}
Event: 149.519 GC heap after
{Heap after GC invocations=44 (full 0):
 garbage-first heap   total 244736K, used 143655K [0x0000000080000000, 0x0000000100000000)
  region size 1024K, 5 young (5120K), 5 survivors (5120K)
 Metaspace       used 143690K, committed 145984K, reserved 1179648K
  class space    used 19314K, committed 20480K, reserved 1048576K
}
Event: 297.510 GC heap before
{Heap before GC invocations=45 (full 0):
 garbage-first heap   total 250880K, used 249127K [0x0000000080000000, 0x0000000100000000)
  region size 1024K, 77 young (78848K), 5 survivors (5120K)
 Metaspace       used 146640K, committed 149056K, reserved 1179648K
  class space    used 19884K, committed 21120K, reserved 1048576K
}
Event: 297.516 GC heap after
{Heap after GC invocations=46 (full 0):
 garbage-first heap   total 265216K, used 174408K [0x0000000080000000, 0x0000000100000000)
  region size 1024K, 11 young (11264K), 11 survivors (11264K)
 Metaspace       used 146640K, committed 149056K, reserved 1179648K
  class space    used 19884K, committed 21120K, reserved 1048576K
}
Event: 297.856 GC heap before
{Heap before GC invocations=46 (full 0):
 garbage-first heap   total 265216K, used 247112K [0x0000000080000000, 0x0000000100000000)
  region size 1024K, 74 young (75776K), 11 survivors (11264K)
 Metaspace       used 150282K, committed 152704K, reserved 1245184K
  class space    used 20376K, committed 21568K, reserved 1048576K
}
Event: 297.863 GC heap after
{Heap after GC invocations=47 (full 0):
 garbage-first heap   total 278528K, used 178132K [0x0000000080000000, 0x0000000100000000)
  region size 1024K, 7 young (7168K), 7 survivors (7168K)
 Metaspace       used 150282K, committed 152704K, reserved 1245184K
  class space    used 20376K, committed 21568K, reserved 1048576K
}
Event: 297.864 GC heap before
{Heap before GC invocations=47 (full 0):
 garbage-first heap   total 278528K, used 178132K [0x0000000080000000, 0x0000000100000000)
  region size 1024K, 8 young (8192K), 7 survivors (7168K)
 Metaspace       used 150309K, committed 152704K, reserved 1245184K
  class space    used 20379K, committed 21568K, reserved 1048576K
}
Event: 297.866 GC heap after
{Heap after GC invocations=48 (full 0):
 garbage-first heap   total 278528K, used 179713K [0x0000000080000000, 0x0000000100000000)
  region size 1024K, 1 young (1024K), 1 survivors (1024K)
 Metaspace       used 150309K, committed 152704K, reserved 1245184K
  class space    used 20379K, committed 21568K, reserved 1048576K
}
Event: 298.296 GC heap before
{Heap before GC invocations=49 (full 0):
 garbage-first heap   total 322560K, used 272897K [0x0000000080000000, 0x0000000100000000)
  region size 1024K, 78 young (79872K), 1 survivors (1024K)
 Metaspace       used 159951K, committed 162432K, reserved 1245184K
  class space    used 21489K, committed 22720K, reserved 1048576K
}
Event: 298.298 GC heap after
{Heap after GC invocations=50 (full 0):
 garbage-first heap   total 322560K, used 199982K [0x0000000080000000, 0x0000000100000000)
  region size 1024K, 8 young (8192K), 8 survivors (8192K)
 Metaspace       used 159951K, committed 162432K, reserved 1245184K
  class space    used 21489K, committed 22720K, reserved 1048576K
}
Event: 298.719 GC heap before
{Heap before GC invocations=50 (full 0):
 garbage-first heap   total 322560K, used 287022K [0x0000000080000000, 0x0000000100000000)
  region size 1024K, 94 young (96256K), 8 survivors (8192K)
 Metaspace       used 162439K, committed 165056K, reserved 1245184K
  class space    used 21792K, committed 23104K, reserved 1048576K
}
Event: 298.723 GC heap after
{Heap after GC invocations=51 (full 0):
 garbage-first heap   total 322560K, used 204817K [0x0000000080000000, 0x0000000100000000)
  region size 1024K, 8 young (8192K), 8 survivors (8192K)
 Metaspace       used 162439K, committed 165056K, reserved 1245184K
  class space    used 21792K, committed 23104K, reserved 1048576K
}
Event: 375.702 GC heap before
{Heap before GC invocations=51 (full 0):
 garbage-first heap   total 322560K, used 293905K [0x0000000080000000, 0x0000000100000000)
  region size 1024K, 94 young (96256K), 8 survivors (8192K)
 Metaspace       used 162701K, committed 165312K, reserved 1245184K
  class space    used 21795K, committed 23104K, reserved 1048576K
}

